date: Fri May 16 12:00:00 PM EDT 2025
hostname: tc285


Checking job details for CPU_IDs...
JobId=267 JobName=rserial.02
   UserId=ckuhlman(1344122) GroupId=ckuhlman(1344122) MCS_label=N/A
   Priority=5002 Nice=0 Account=arcadm QOS=tc_normal_base
   JobState=RUNNING Reason=None Dependency=(null)
   Requeue=1 Restarts=0 BatchFlag=1 Reboot=0 ExitCode=0:0
   DerivedExitCode=0:0
   RunTime=00:00:01 TimeLimit=00:10:00 TimeMin=N/A
   SubmitTime=2025-05-16T11:59:59 EligibleTime=2025-05-16T11:59:59
   AccrueTime=2025-05-16T11:59:59
   StartTime=2025-05-16T11:59:59 EndTime=2025-05-16T12:09:59 Deadline=N/A
   SuspendTime=None SecsPreSuspend=0 LastSchedEval=2025-05-16T11:59:59 Scheduler=Main
   Partition=normal_q AllocNode:Sid=tc285:256825
   ReqNodeList=(null) ExcNodeList=(null)
   NodeList=tc285
   BatchHost=tc285
   NumNodes=1 NumCPUs=1 NumTasks=1 CPUs/Task=1 ReqB:S:C:T=0:0:*:*
   ReqTRES=cpu=1,mem=1944M,node=1,billing=1
   AllocTRES=cpu=1,mem=1944M,node=1,billing=1
   Socks/Node=* NtasksPerN:B:S:C=1:0:*:* CoreSpec=*
   JOB_GRES=(null)
     Nodes=tc285 CPU_IDs=0 Mem=1944 GRES=
   MinCPUsNode=1 MinMemoryCPU=1944M MinTmpDiskNode=0
   Features=(null) DelayBoot=00:00:00
   OverSubscribe=OK Contiguous=0 Licenses=(null) Network=(null)
   Command=/projects/kuhlman-project-storage/system-maint/y2025/2025-05/test-r/tc/test01/sbatch.02.slurm
   WorkDir=/projects/kuhlman-project-storage/system-maint/y2025/2025-05/test-r/tc/test01
   StdErr=/projects/kuhlman-project-storage/system-maint/y2025/2025-05/test-r/tc/test01/r.serial.tc.267.err
   StdIn=/dev/null
   StdOut=/projects/kuhlman-project-storage/system-maint/y2025/2025-05/test-r/tc/test01/r.serial.tc.267.out
   Power=
   

 
[1] "Guten tag, from  tc285 ...   Arguments:    param1   param2   param3   tc.normal_q   267"
[1] "param1"
[1] "param2"
[1] "param3"
[1] "tc.normal_q"
[1] "267"
