 ------------
Set of cores job running on: 
 
JobId=24820 JobName=matgpu
   UserId=ckuhlman(1344122) GroupId=ckuhlman(1344122) MCS_label=N/A
   Priority=1211 Nice=0 Account=arcadm QOS=normal
   JobState=RUNNING Reason=None Dependency=(null)
   Requeue=1 Restarts=0 BatchFlag=1 Reboot=0 ExitCode=0:0
   DerivedExitCode=0:0
   RunTime=00:00:00 TimeLimit=01:00:00 TimeMin=N/A
   SubmitTime=2025-05-16T11:10:35 EligibleTime=2025-05-16T11:10:35
   AccrueTime=2025-05-16T11:10:35
   StartTime=2025-05-16T11:10:36 EndTime=2025-05-16T12:10:36 Deadline=N/A
   SuspendTime=None SecsPreSuspend=0 LastSchedEval=2025-05-16T11:10:36 Scheduler=Main
   Partition=l40s_normal_q AllocNode:Sid=falcon1:1594347
   ReqNodeList=(null) ExcNodeList=(null)
   NodeList=fal052
   BatchHost=fal052
   NumNodes=1 NumCPUs=1 NumTasks=1 CPUs/Task=1 ReqB:S:C:T=0:0:*:*
   ReqTRES=cpu=1,mem=7648M,node=1,gres/gpu=1
   AllocTRES=cpu=1,mem=7648M,node=1,gres/gpu=1,gres/gpu:l40s=1
   Socks/Node=* NtasksPerN:B:S:C=1:0:*:* CoreSpec=*
   JOB_GRES=gpu:l40s:1
     Nodes=fal052 CPU_IDs=0 Mem=7648 GRES=gpu:l40s:1(IDX:0)
   MinCPUsNode=1 MinMemoryCPU=7648M MinTmpDiskNode=0
   Features=(null) DelayBoot=00:00:00
   Reservation=HPCMaintTesting
   OverSubscribe=OK Contiguous=0 Licenses=(null) Network=(null)
   Command=/projects/kuhlman-project-storage/system-maint/y2025/2025-05/test-matlab/falcon/l40s/test02b/sbatch.02b.slurm
   WorkDir=/projects/kuhlman-project-storage/system-maint/y2025/2025-05/test-matlab/falcon/l40s/test02b
   StdErr=/projects/kuhlman-project-storage/system-maint/y2025/2025-05/test-matlab/falcon/l40s/test02b/slurm.matlab.02.gpu.24820.err
   StdIn=/dev/null
   StdOut=/projects/kuhlman-project-storage/system-maint/y2025/2025-05/test-matlab/falcon/l40s/test02b/slurm.matlab.02.gpu.24820.out
   Power=
   TresPerNode=gres:gpu:1
   

 
 
 
 
Start file and monitoring of GPU.
 
 
 
 ------------
Running IOSTAT
 ------------
Running MPSTAT
 ------------
Running VMSTAT
 ------------
Running executable

                            < M A T L A B (R) >
                  Copyright 1984-2024 The MathWorks, Inc.
                  R2024b (24.2.0.2712019) 64-bit (glnxa64)
                              August 22, 2024

 
To get started, type doc.
For product information, visit www.mathworks.com.
 
arrayLength: 
    10

numIterations: 
     1

outfile: 
mat.02b.out

bogus = 

    "done"

 ------------
Executable done
 ------------
Killing IOSTAT
 ------------
Killing MPSTAT
 ------------
Killing VMSTAT
